/usr/local/lib/ruby/1.9.1/webrick/utils.rb:73:in `initialize': Address already in use - bind(2) (Errno::EADDRINUSE)
	from /usr/local/lib/ruby/1.9.1/webrick/utils.rb:73:in `new'
	from /usr/local/lib/ruby/1.9.1/webrick/utils.rb:73:in `block in create_listeners'
	from /usr/local/lib/ruby/1.9.1/webrick/utils.rb:70:in `each'
	from /usr/local/lib/ruby/1.9.1/webrick/utils.rb:70:in `create_listeners'
	from /usr/local/lib/ruby/1.9.1/webrick/server.rb:74:in `listen'
	from /usr/local/lib/ruby/1.9.1/webrick/server.rb:62:in `initialize'
	from /usr/local/lib/ruby/1.9.1/webrick/httpserver.rb:24:in `initialize'
	from /usr/local/lib/ruby/gems/1.9.1/gems/rack-1.3.10/lib/rack/handler/webrick.rb:10:in `new'
	from /usr/local/lib/ruby/gems/1.9.1/gems/rack-1.3.10/lib/rack/handler/webrick.rb:10:in `run'
	from /usr/local/lib/ruby/gems/1.9.1/gems/rack-1.3.10/lib/rack/server.rb:268:in `start'
	from /usr/local/lib/ruby/gems/1.9.1/gems/railties-3.1.0/lib/rails/commands/server.rb:70:in `start'
	from /usr/local/lib/ruby/gems/1.9.1/gems/railties-3.1.0/lib/rails/commands.rb:54:in `block in <top (required)>'
	from /usr/local/lib/ruby/gems/1.9.1/gems/railties-3.1.0/lib/rails/commands.rb:49:in `tap'
	from /usr/local/lib/ruby/gems/1.9.1/gems/railties-3.1.0/lib/rails/commands.rb:49:in `<top (required)>'
	from script/rails:6:in `require'
	from script/rails:6:in `<main>'
[2013-03-16 15:21:00] INFO  WEBrick 1.3.1
[2013-03-16 15:21:00] INFO  ruby 1.9.2 (2011-07-09) [i686-linux]
[2013-03-16 15:21:00] WARN  TCPServer Error: Address already in use - bind(2)
/usr/local/lib/ruby/1.9.1/webrick/utils.rb:73:in `initialize': Address already in use - bind(2) (Errno::EADDRINUSE)
	from /usr/local/lib/ruby/1.9.1/webrick/utils.rb:73:in `new'
	from /usr/local/lib/ruby/1.9.1/webrick/utils.rb:73:in `block in create_listeners'
	from /usr/local/lib/ruby/1.9.1/webrick/utils.rb:70:in `each'
	from /usr/local/lib/ruby/1.9.1/webrick/utils.rb:70:in `create_listeners'
	from /usr/local/lib/ruby/1.9.1/webrick/server.rb:74:in `listen'
	from /usr/local/lib/ruby/1.9.1/webrick/server.rb:62:in `initialize'
	from /usr/local/lib/ruby/1.9.1/webrick/httpserver.rb:24:in `initialize'
	from /usr/local/lib/ruby/gems/1.9.1/gems/rack-1.3.10/lib/rack/handler/webrick.rb:10:in `new'
	from /usr/local/lib/ruby/gems/1.9.1/gems/rack-1.3.10/lib/rack/handler/webrick.rb:10:in `run'
	from /usr/local/lib/ruby/gems/1.9.1/gems/rack-1.3.10/lib/rack/server.rb:268:in `start'
	from /usr/local/lib/ruby/gems/1.9.1/gems/railties-3.1.0/lib/rails/commands/server.rb:70:in `start'
	from /usr/local/lib/ruby/gems/1.9.1/gems/railties-3.1.0/lib/rails/commands.rb:54:in `block in <top (required)>'
	from /usr/local/lib/ruby/gems/1.9.1/gems/railties-3.1.0/lib/rails/commands.rb:49:in `tap'
	from /usr/local/lib/ruby/gems/1.9.1/gems/railties-3.1.0/lib/rails/commands.rb:49:in `<top (required)>'
	from script/rails:6:in `require'
	from script/rails:6:in `<main>'
[2013-03-16 15:22:28] INFO  WEBrick 1.3.1
[2013-03-16 15:22:28] INFO  ruby 1.9.2 (2011-07-09) [i686-linux]
[2013-03-16 15:22:28] WARN  TCPServer Error: Address already in use - bind(2)
/usr/local/lib/ruby/1.9.1/webrick/utils.rb:73:in `initialize': Address already in use - bind(2) (Errno::EADDRINUSE)
	from /usr/local/lib/ruby/1.9.1/webrick/utils.rb:73:in `new'
	from /usr/local/lib/ruby/1.9.1/webrick/utils.rb:73:in `block in create_listeners'
	from /usr/local/lib/ruby/1.9.1/webrick/utils.rb:70:in `each'
	from /usr/local/lib/ruby/1.9.1/webrick/utils.rb:70:in `create_listeners'
	from /usr/local/lib/ruby/1.9.1/webrick/server.rb:74:in `listen'
	from /usr/local/lib/ruby/1.9.1/webrick/server.rb:62:in `initialize'
	from /usr/local/lib/ruby/1.9.1/webrick/httpserver.rb:24:in `initialize'
	from /usr/local/lib/ruby/gems/1.9.1/gems/rack-1.3.10/lib/rack/handler/webrick.rb:10:in `new'
	from /usr/local/lib/ruby/gems/1.9.1/gems/rack-1.3.10/lib/rack/handler/webrick.rb:10:in `run'
	from /usr/local/lib/ruby/gems/1.9.1/gems/rack-1.3.10/lib/rack/server.rb:268:in `start'
	from /usr/local/lib/ruby/gems/1.9.1/gems/railties-3.1.0/lib/rails/commands/server.rb:70:in `start'
	from /usr/local/lib/ruby/gems/1.9.1/gems/railties-3.1.0/lib/rails/commands.rb:54:in `block in <top (required)>'
	from /usr/local/lib/ruby/gems/1.9.1/gems/railties-3.1.0/lib/rails/commands.rb:49:in `tap'
	from /usr/local/lib/ruby/gems/1.9.1/gems/railties-3.1.0/lib/rails/commands.rb:49:in `<top (required)>'
	from script/rails:6:in `require'
	from script/rails:6:in `<main>'
[2013-03-16 15:23:21] INFO  WEBrick 1.3.1
[2013-03-16 15:23:21] INFO  ruby 1.9.2 (2011-07-09) [i686-linux]
[2013-03-16 15:23:21] WARN  TCPServer Error: Address already in use - bind(2)
/usr/local/lib/ruby/1.9.1/webrick/utils.rb:73:in `initialize': Address already in use - bind(2) (Errno::EADDRINUSE)
	from /usr/local/lib/ruby/1.9.1/webrick/utils.rb:73:in `new'
	from /usr/local/lib/ruby/1.9.1/webrick/utils.rb:73:in `block in create_listeners'
	from /usr/local/lib/ruby/1.9.1/webrick/utils.rb:70:in `each'
	from /usr/local/lib/ruby/1.9.1/webrick/utils.rb:70:in `create_listeners'
	from /usr/local/lib/ruby/1.9.1/webrick/server.rb:74:in `listen'
	from /usr/local/lib/ruby/1.9.1/webrick/server.rb:62:in `initialize'
	from /usr/local/lib/ruby/1.9.1/webrick/httpserver.rb:24:in `initialize'
	from /usr/local/lib/ruby/gems/1.9.1/gems/rack-1.3.10/lib/rack/handler/webrick.rb:10:in `new'
	from /usr/local/lib/ruby/gems/1.9.1/gems/rack-1.3.10/lib/rack/handler/webrick.rb:10:in `run'
	from /usr/local/lib/ruby/gems/1.9.1/gems/rack-1.3.10/lib/rack/server.rb:268:in `start'
	from /usr/local/lib/ruby/gems/1.9.1/gems/railties-3.1.0/lib/rails/commands/server.rb:70:in `start'
	from /usr/local/lib/ruby/gems/1.9.1/gems/railties-3.1.0/lib/rails/commands.rb:54:in `block in <top (required)>'
	from /usr/local/lib/ruby/gems/1.9.1/gems/railties-3.1.0/lib/rails/commands.rb:49:in `tap'
	from /usr/local/lib/ruby/gems/1.9.1/gems/railties-3.1.0/lib/rails/commands.rb:49:in `<top (required)>'
	from script/rails:6:in `require'
	from script/rails:6:in `<main>'
[2013-03-16 15:24:32] INFO  WEBrick 1.3.1
[2013-03-16 15:24:32] INFO  ruby 1.9.2 (2011-07-09) [i686-linux]
[2013-03-16 15:24:32] WARN  TCPServer Error: Address already in use - bind(2)
[2013-03-16 15:36:37] INFO  WEBrick 1.3.1
[2013-03-16 15:36:37] INFO  ruby 1.9.2 (2011-07-09) [i686-linux]
[2013-03-16 15:36:37] INFO  WEBrick::HTTPServer#start: pid=2103 port=3000
[2013-03-16 19:32:47] INFO  going to shutdown ...
[2013-03-16 19:32:47] INFO  WEBrick::HTTPServer#start done.
[2013-03-16 19:33:20] INFO  WEBrick 1.3.1
[2013-03-16 19:33:20] INFO  ruby 1.9.2 (2011-07-09) [i686-linux]
[2013-03-16 19:33:20] INFO  WEBrick::HTTPServer#start: pid=2345 port=3000
[2013-03-16 20:26:45] INFO  going to shutdown ...
[2013-03-16 20:26:45] INFO  WEBrick::HTTPServer#start done.
[2013-03-17 13:53:26] INFO  WEBrick 1.3.1
[2013-03-17 13:53:26] INFO  ruby 1.9.2 (2011-07-09) [i686-linux]
[2013-03-17 13:53:26] INFO  WEBrick::HTTPServer#start: pid=3212 port=3000
[2013-03-17 13:57:50] INFO  going to shutdown ...
[2013-03-17 13:57:50] INFO  WEBrick::HTTPServer#start done.
[2013-03-17 16:12:29] INFO  WEBrick 1.3.1
[2013-03-17 16:12:29] INFO  ruby 1.9.2 (2011-07-09) [i686-linux]
[2013-03-17 16:12:29] INFO  WEBrick::HTTPServer#start: pid=3491 port=3000
[2013-03-17 16:16:53] INFO  going to shutdown ...
[2013-03-17 16:16:53] INFO  WEBrick::HTTPServer#start done.
